<?xml version="1.0" encoding="UTF-8"?>
<!-- Generated by org.testng.reporters.JUnitReportReporter -->
<testsuite hostname="GOWTHAM" failures="0" tests="1" name="atb6xRestAssuredLearning.RestAssured.Operations.Patch.PatchRequest" time="4.179" errors="0" timestamp="29 Jul 2024 15:46:49 GMT">
  <testcase classname="atb6xRestAssuredLearning.RestAssured.Operations.Patch.PatchRequest" name="postRequest" time="4.179"/>
</testsuite> <!-- atb6xRestAssuredLearning.RestAssured.Operations.Patch.PatchRequest -->
