<?xml version="1.0" encoding="UTF-8"?>
<!-- Generated by org.testng.reporters.JUnitReportReporter -->
<testsuite hostname="GOWTHAM" failures="0" tests="1" name="atb6xRestAssuredLearning.RestAssured.Operations.DeleteRequest.DeleteRequest" time="4.524" errors="0" timestamp="29 Jul 2024 15:49:32 GMT">
  <testcase classname="atb6xRestAssuredLearning.RestAssured.Operations.DeleteRequest.DeleteRequest" name="postRequest" time="4.524"/>
</testsuite> <!-- atb6xRestAssuredLearning.RestAssured.Operations.DeleteRequest.DeleteRequest -->
