<?xml version="1.0" encoding="UTF-8"?>
<!-- Generated by org.testng.reporters.JUnitReportReporter -->
<testsuite hostname="GOWTHAM" failures="0" tests="1" name="atb6xRestAssuredLearning.RestAssured.Operations.PostNonBDD.PostRequest" time="2.952" errors="0" timestamp="29 Jul 2024 14:53:52 GMT">
  <testcase classname="atb6xRestAssuredLearning.RestAssured.Operations.PostNonBDD.PostRequest" name="postRequest" time="2.952"/>
</testsuite> <!-- atb6xRestAssuredLearning.RestAssured.Operations.PostNonBDD.PostRequest -->
