<?xml version="1.0" encoding="UTF-8"?>
<!-- Generated by org.testng.reporters.JUnitReportReporter -->
<testsuite hostname="GOWTHAM" failures="0" tests="1" name="atb6xRestAssuredLearning.RestAssured.Operations.NonBDDStyle" time="1.840" errors="0" timestamp="29 Jul 2024 13:51:36 GMT">
  <testcase classname="atb6xRestAssuredLearning.RestAssured.Operations.NonBDDStyle" name="getRequest" time="1.840"/>
</testsuite> <!-- atb6xRestAssuredLearning.RestAssured.Operations.NonBDDStyle -->
