<?xml version="1.0" encoding="UTF-8"?>
<!-- Generated by org.testng.reporters.JUnitReportReporter -->
<testsuite hostname="GOWTHAM" failures="0" tests="1" name="atb6xRestAssuredLearning.RestAssured.Operations.NonBDDStyle$NonBDDStyleNegative" time="4.699" errors="0" timestamp="29 Jul 2024 13:51:36 GMT">
  <testcase classname="atb6xRestAssuredLearning.RestAssured.Operations.NonBDDStyle$NonBDDStyleNegative" name="getRequest" time="4.699"/>
</testsuite> <!-- atb6xRestAssuredLearning.RestAssured.Operations.NonBDDStyle$NonBDDStyleNegative -->
