<?xml version="1.0" encoding="UTF-8"?>
<!-- Generated by org.testng.reporters.JUnitReportReporter -->
<testsuite hostname="GOWTHAM" failures="0" tests="1" name="atb6xRestAssuredLearning.RestAssured.Operations.Put.PutRequest" time="5.945" errors="0" timestamp="29 Jul 2024 15:36:32 GMT">
  <testcase classname="atb6xRestAssuredLearning.RestAssured.Operations.Put.PutRequest" name="postRequest" time="5.945"/>
</testsuite> <!-- atb6xRestAssuredLearning.RestAssured.Operations.Put.PutRequest -->
