<?xml version="1.0" encoding="UTF-8"?>
<!-- Generated by org.testng.reporters.JUnitReportReporter -->
<testsuite hostname="GOWTHAM" failures="0" tests="1" name="atb6xRestAssuredLearning.RestAssured.Operations.FullPut.Full" time="1.333" errors="0" timestamp="2 Aug 2024 14:53:49 GMT">
  <testcase classname="atb6xRestAssuredLearning.RestAssured.Operations.FullPut.Full" name="fullput" time="1.333"/>
</testsuite> <!-- atb6xRestAssuredLearning.RestAssured.Operations.FullPut.Full -->
